Using pre-set license
Built from '2020.3/staging' branch; Version is '2020.3.48f1 (b805b124c6b7) revision 12060081'; Using compiler version '192528614'; Build Type 'Release'
OS: 'Windows 11  (10.0.22621) 64bit CoreSingleLanguage' Language: 'en' Physical Memory: 24267 MB
BatchMode: 1, IsHumanControllingUs: 0, StartBugReporterOnCrash: 0, Is64bit: 1, IsPro: 0

COMMAND LINE ARGUMENTS:
C:\Program Files\Unity\Hub\Editor\2020.3.48f1\Editor\Unity.exe
-adb2
-batchMode
-noUpm
-name
AssetImportWorker0
-projectPath
C:/Users/Ibrahim/UnityProjects/A3
-logFile
Logs/AssetImportWorker0.log
-srvPort
50109
Successfully changed project path to: C:/Users/Ibrahim/UnityProjects/A3
C:/Users/Ibrahim/UnityProjects/A3
Using Asset Import Pipeline V2.
Player connection [12064] Host "[IP] 192.168.0.175 [Port] 1073959456 [Flags] 2 [Guid] 2342705958 [EditorId] 2342705958 [Version] 1048832 [Id] WindowsEditor(7,Ibrahim) [Debug] 1 [PackageName] WindowsEditor [ProjectName] Editor" joined multi-casting on [225.0.0.222:54997]...

Player connection [12064] Host "[IP] 192.168.0.175 [Port] 1073959456 [Flags] 2 [Guid] 2342705958 [EditorId] 2342705958 [Version] 1048832 [Id] WindowsEditor(7,Ibrahim) [Debug] 1 [PackageName] WindowsEditor [ProjectName] Editor" joined alternative multi-casting on [225.0.0.222:34997]...

Refreshing native plugins compatible for Editor in 57.49 ms, found 2 plugins.
Preloading 0 native plugins for Editor in 0.00 ms.
Initialize engine version: 2020.3.48f1 (b805b124c6b7)
[Subsystems] Discovering subsystems at path C:/Program Files/Unity/Hub/Editor/2020.3.48f1/Editor/Data/Resources/UnitySubsystems
[Subsystems] Discovering subsystems at path C:/Users/Ibrahim/UnityProjects/A3/Assets
GfxDevice: creating device client; threaded=0
Direct3D:
    Version:  Direct3D 11.0 [level 11.1]
    Renderer: NVIDIA GeForce RTX 3050 Laptop GPU (ID=0x25a2)
    Vendor:   
    VRAM:     3977 MB
    Driver:   31.0.15.3623
Initialize mono
Mono path[0] = 'C:/Program Files/Unity/Hub/Editor/2020.3.48f1/Editor/Data/Managed'
Mono path[1] = 'C:/Program Files/Unity/Hub/Editor/2020.3.48f1/Editor/Data/MonoBleedingEdge/lib/mono/unityjit'
Mono config path = 'C:/Program Files/Unity/Hub/Editor/2020.3.48f1/Editor/Data/MonoBleedingEdge/etc'
Using monoOptions --debugger-agent=transport=dt_socket,embedding=1,server=y,suspend=n,address=127.0.0.1:56260
Begin MonoManager ReloadAssembly
Registering precompiled unity dll's ...
Register platform support module: C:/Program Files/Unity/Hub/Editor/2020.3.48f1/Editor/Data/PlaybackEngines/WindowsStandaloneSupport/UnityEditor.WindowsStandalone.Extensions.dll
Registered in 0.001863 seconds.
Native extension for WindowsStandalone target not found
Refreshing native plugins compatible for Editor in 44.99 ms, found 2 plugins.
Preloading 0 native plugins for Editor in 0.00 ms.
Mono: successfully reloaded assembly
- Completed reload, in  0.508 seconds
Domain Reload Profiling:
	ReloadAssembly (508ms)
		BeginReloadAssembly (74ms)
			ExecutionOrderSort (0ms)
			DisableScriptedObjects (0ms)
			BackupInstance (0ms)
			ReleaseScriptingObjects (0ms)
			CreateAndSetChildDomain (1ms)
		EndReloadAssembly (367ms)
			LoadAssemblies (72ms)
			RebuildTransferFunctionScriptingTraits (0ms)
			SetupTypeCache (114ms)
			ReleaseScriptCaches (0ms)
			RebuildScriptCaches (23ms)
			SetupLoadedEditorAssemblies (150ms)
				LogAssemblyErrors (0ms)
				InitializePlatformSupportModulesInManaged (3ms)
				SetLoadedEditorAssemblies (0ms)
				RefreshPlugins (45ms)
				BeforeProcessingInitializeOnLoad (16ms)
				ProcessInitializeOnLoadAttributes (62ms)
				ProcessInitializeOnLoadMethodAttributes (22ms)
				AfterProcessingInitializeOnLoad (0ms)
				EditorAssembliesLoaded (0ms)
			ExecutionOrderSort2 (0ms)
			AwakeInstancesAfterBackupRestoration (0ms)
Platform modules already initialized, skipping
Registering precompiled user dll's ...
Registered in 0.003522 seconds.
Begin MonoManager ReloadAssembly
Native extension for WindowsStandalone target not found
Refreshing native plugins compatible for Editor in 54.44 ms, found 2 plugins.
Preloading 0 native plugins for Editor in 0.00 ms.
Mono: successfully reloaded assembly
- Completed reload, in  1.008 seconds
Domain Reload Profiling:
	ReloadAssembly (1009ms)
		BeginReloadAssembly (133ms)
			ExecutionOrderSort (0ms)
			DisableScriptedObjects (6ms)
			BackupInstance (0ms)
			ReleaseScriptingObjects (0ms)
			CreateAndSetChildDomain (19ms)
		EndReloadAssembly (828ms)
			LoadAssemblies (98ms)
			RebuildTransferFunctionScriptingTraits (0ms)
			SetupTypeCache (264ms)
			ReleaseScriptCaches (1ms)
			RebuildScriptCaches (51ms)
			SetupLoadedEditorAssemblies (332ms)
				LogAssemblyErrors (0ms)
				InitializePlatformSupportModulesInManaged (3ms)
				SetLoadedEditorAssemblies (0ms)
				RefreshPlugins (55ms)
				BeforeProcessingInitializeOnLoad (82ms)
				ProcessInitializeOnLoadAttributes (176ms)
				ProcessInitializeOnLoadMethodAttributes (9ms)
				AfterProcessingInitializeOnLoad (6ms)
				EditorAssembliesLoaded (0ms)
			ExecutionOrderSort2 (0ms)
			AwakeInstancesAfterBackupRestoration (1ms)
Platform modules already initialized, skipping
========================================================================
Worker process is ready to serve import requests
Launched and connected shader compiler UnityShaderCompiler.exe after 0.06 seconds
Refreshing native plugins compatible for Editor in 0.77 ms, found 2 plugins.
Preloading 0 native plugins for Editor in 0.00 ms.
Unloading 3039 Unused Serialized files (Serialized files now loaded: 0)
System memory in use before: 236.9 MB.
System memory in use after: 237.1 MB.

Unloading 21 unused Assets to reduce memory usage. Loaded Objects now: 3514.
Total: 3.032900 ms (FindLiveObjects: 0.294000 ms CreateObjectMapping: 0.111900 ms MarkObjects: 2.513600 ms  DeleteObjects: 0.110900 ms)

AssetImportParameters requested are different than current active one (requested -> active):
  custom:framework-win-MediaFoundation: 216162199b28c13a410421893ffa2e32 -> 
  custom:video-decoder-ogg-theora: a1e56fd34408186e4bbccfd4996cb3dc -> 
  custom:container-muxer-webm: aa71ff27fc2769a1b78a27578f13a17b -> 
  custom:container-demuxer-webm: 4f35f7cbe854078d1ac9338744f61a02 -> 
  custom:container-demuxer-ogg: 62fdf1f143b41e24485cea50d1cbac27 -> 
  custom:video-encoder-webm-vp8: eb34c28f22e8b96e1ab97ce403110664 -> 
  custom:video-codec-MediaFoundation-h265: 746d11721c4dcdbdad8f713fa42b33f4 -> 
  custom:video-decoder-webm-vp8: 9c59270c3fd7afecdb556c50c9e8de78 -> 
  custom:audio-decoder-ogg-vorbis: bf7c407c2cedff20999df2af8eb42d56 -> 
  custom:audio-encoder-webm-vorbis: bf7c407c2cedff20999df2af8eb42d56 -> 
========================================================================
Received Import Request.
  path: Assets/UMS_LODs/Oil_tank_v1
  artifactKey: Guid(b80607d0836f74c46bc4e1c73beccf5c) Importer(815301076,1909f56bfc062723c751e8b465ee728b)
Start importing Assets/UMS_LODs/Oil_tank_v1 using Guid(b80607d0836f74c46bc4e1c73beccf5c) Importer(815301076,1909f56bfc062723c751e8b465ee728b)  -> (artifact id: '7c80db3440b300ce6adb8993dd217329') in 0.010394 seconds 
========================================================================
Received Import Request.
  Time since last request: 0.000297 seconds.
  path: Assets/UMS_LODs/Oil_tank_v1/Oil_tank_v1_combined_static/02_Oil_tank_v1_static02.mesh
  artifactKey: Guid(09a1086f42c59c548ba6325df638d6f2) Importer(815301076,1909f56bfc062723c751e8b465ee728b)
Start importing Assets/UMS_LODs/Oil_tank_v1/Oil_tank_v1_combined_static/02_Oil_tank_v1_static02.mesh using Guid(09a1086f42c59c548ba6325df638d6f2) Importer(815301076,1909f56bfc062723c751e8b465ee728b)  -> (artifact id: '012196877b1a4ba4eba50c423f374798') in 0.097508 seconds 
========================================================================
Received Import Request.
  Time since last request: 0.000378 seconds.
  path: Assets/UMS_LODs/Oil_tank_v1/Oil_tank_v1_combined_static/01_Oil_tank_v1_static01.mesh
  artifactKey: Guid(94d6d4c924426624ea2f6753d026dc27) Importer(815301076,1909f56bfc062723c751e8b465ee728b)
Start importing Assets/UMS_LODs/Oil_tank_v1/Oil_tank_v1_combined_static/01_Oil_tank_v1_static01.mesh using Guid(94d6d4c924426624ea2f6753d026dc27) Importer(815301076,1909f56bfc062723c751e8b465ee728b)  -> (artifact id: 'f3f109be21d4bfdf2f8df282db169968') in 0.013316 seconds 
========================================================================
Received Import Request.
  Time since last request: 0.000284 seconds.
  path: Assets/UMS_LODs/Oil_tank_v1/Oil_tank_v1_combined_static
  artifactKey: Guid(4596bedb58c8cdd4c9d8447a3479f11a) Importer(815301076,1909f56bfc062723c751e8b465ee728b)
Start importing Assets/UMS_LODs/Oil_tank_v1/Oil_tank_v1_combined_static using Guid(4596bedb58c8cdd4c9d8447a3479f11a) Importer(815301076,1909f56bfc062723c751e8b465ee728b)  -> (artifact id: 'c3b0210940c6e174431477da434a9a26') in 0.004457 seconds 
AssetImportWorkerClient::OnTransportError - code=2 error=End of file
